-------------------------------------------------------------------------------
Test set: app.AbrigoCanino.entities.ColaboradorEntityTest
-------------------------------------------------------------------------------
Tests run: 7, Failures: 2, Errors: 0, Skipped: 0, Time elapsed: 0.193 s <<< FAILURE! -- in app.AbrigoCanino.entities.ColaboradorEntityTest
app.AbrigoCanino.entities.ColaboradorEntityTest.testColaboradorEntity_ValidAttributes_ShouldNotViolateConstraints -- Time elapsed: 0.102 s <<< FAILURE!
org.opentest4j.AssertionFailedError: Não deve violar nenhuma restrição de validação. ==> expected: <true> but was: <false>
	at org.junit.jupiter.api.AssertionFailureBuilder.build(AssertionFailureBuilder.java:151)
	at org.junit.jupiter.api.AssertionFailureBuilder.buildAndThrow(AssertionFailureBuilder.java:132)
	at org.junit.jupiter.api.AssertTrue.failNotTrue(AssertTrue.java:63)
	at org.junit.jupiter.api.AssertTrue.assertTrue(AssertTrue.java:36)
	at org.junit.jupiter.api.Assertions.assertTrue(Assertions.java:214)
	at app.AbrigoCanino.entities.ColaboradorEntityTest.testColaboradorEntity_ValidAttributes_ShouldNotViolateConstraints(ColaboradorEntityTest.java:50)
	at java.base/java.lang.reflect.Method.invoke(Method.java:578)
	at java.base/java.util.ArrayList.forEach(ArrayList.java:1511)
	at java.base/java.util.ArrayList.forEach(ArrayList.java:1511)

app.AbrigoCanino.entities.ColaboradorEntityTest.testColaboradorEntity_NullPermissao_ShouldNotViolateConstraints -- Time elapsed: 0.020 s <<< FAILURE!
org.opentest4j.AssertionFailedError: Não deve violar nenhuma restrição de validação. ==> expected: <true> but was: <false>
	at org.junit.jupiter.api.AssertionFailureBuilder.build(AssertionFailureBuilder.java:151)
	at org.junit.jupiter.api.AssertionFailureBuilder.buildAndThrow(AssertionFailureBuilder.java:132)
	at org.junit.jupiter.api.AssertTrue.failNotTrue(AssertTrue.java:63)
	at org.junit.jupiter.api.AssertTrue.assertTrue(AssertTrue.java:36)
	at org.junit.jupiter.api.Assertions.assertTrue(Assertions.java:214)
	at app.AbrigoCanino.entities.ColaboradorEntityTest.testColaboradorEntity_NullPermissao_ShouldNotViolateConstraints(ColaboradorEntityTest.java:67)
	at java.base/java.lang.reflect.Method.invoke(Method.java:578)
	at java.base/java.util.ArrayList.forEach(ArrayList.java:1511)
	at java.base/java.util.ArrayList.forEach(ArrayList.java:1511)

